<?xml version="1.0" encoding="UTF-8"?>
<testng-results ignored="12" total="18" passed="6" failed="0" skipped="0">
  <reporter-output>
  </reporter-output>
  <suite started-at="2022-08-02T03:16:13 AST" name="PetStore API Test Suite" finished-at="2022-08-02T03:16:14 AST" duration-ms="1034">
    <groups>
    </groups>
    <test started-at="2022-08-02T03:16:13 AST" name="TC001 - Find pets using any valid status (pending, available and sold)" finished-at="2022-08-02T03:16:14 AST" duration-ms="919">
      <class name="testcases.PetStoreAPI_PetTest">
        <test-method is-config="true" signature="setUp()[pri:0, instance:testcases.PetStoreAPI_PetTest@169e6180]" started-at="2022-08-02T03:16:13 AST" name="setUp" finished-at="2022-08-02T03:16:14 AST" duration-ms="342" status="PASS">
          <reporter-output>
          </reporter-output>
        </test-method> <!-- setUp -->
        <test-method signature="findPetsByAnyStatus(java.lang.String)[pri:0, instance:testcases.PetStoreAPI_PetTest@169e6180]" started-at="2022-08-02T03:16:14 AST" name="findPetsByAnyStatus" data-provider="PetStore-data-provider" finished-at="2022-08-02T03:16:14 AST" duration-ms="528" status="PASS">
          <params>
            <param index="0">
              <value>
                <![CDATA[available]]>
              </value>
            </param>
          </params>
          <reporter-output>
          </reporter-output>
        </test-method> <!-- findPetsByAnyStatus -->
        <test-method signature="findPetsByAnyStatus(java.lang.String)[pri:0, instance:testcases.PetStoreAPI_PetTest@169e6180]" started-at="2022-08-02T03:16:14 AST" name="findPetsByAnyStatus" data-provider="PetStore-data-provider" finished-at="2022-08-02T03:16:14 AST" duration-ms="15" status="PASS">
          <params>
            <param index="0">
              <value>
                <![CDATA[pending]]>
              </value>
            </param>
          </params>
          <reporter-output>
          </reporter-output>
        </test-method> <!-- findPetsByAnyStatus -->
        <test-method signature="findPetsByAnyStatus(java.lang.String)[pri:0, instance:testcases.PetStoreAPI_PetTest@169e6180]" started-at="2022-08-02T03:16:14 AST" name="findPetsByAnyStatus" data-provider="PetStore-data-provider" finished-at="2022-08-02T03:16:14 AST" duration-ms="12" status="PASS">
          <params>
            <param index="0">
              <value>
                <![CDATA[sold]]>
              </value>
            </param>
          </params>
          <reporter-output>
          </reporter-output>
        </test-method> <!-- findPetsByAnyStatus -->
      </class> <!-- testcases.PetStoreAPI_PetTest -->
    </test> <!-- TC001 - Find pets using any valid status (pending, available and sold) -->
    <test started-at="2022-08-02T03:16:14 AST" name="TC002 - Try to search pets using an invalid status" finished-at="2022-08-02T03:16:14 AST" duration-ms="19">
      <class name="testcases.PetStoreAPI_PetTest">
        <test-method is-config="true" signature="setUp()[pri:0, instance:testcases.PetStoreAPI_PetTest@4dbb42b7]" started-at="2022-08-02T03:16:14 AST" name="setUp" finished-at="2022-08-02T03:16:14 AST" duration-ms="0" status="PASS">
          <reporter-output>
          </reporter-output>
        </test-method> <!-- setUp -->
        <test-method signature="tryToSearchPetByInvalidStatus(java.lang.String)[pri:0, instance:testcases.PetStoreAPI_PetTest@4dbb42b7]" started-at="2022-08-02T03:16:14 AST" name="tryToSearchPetByInvalidStatus" finished-at="2022-08-02T03:16:14 AST" duration-ms="16" status="PASS">
          <params>
            <param index="0">
              <value>
                <![CDATA[pendin]]>
              </value>
            </param>
          </params>
          <reporter-output>
          </reporter-output>
        </test-method> <!-- tryToSearchPetByInvalidStatus -->
      </class> <!-- testcases.PetStoreAPI_PetTest -->
    </test> <!-- TC002 - Try to search pets using an invalid status -->
    <test started-at="2022-08-02T03:16:14 AST" name="TC003 - Add new pet to the store" finished-at="2022-08-02T03:16:14 AST" duration-ms="31">
      <class name="testcases.PetStoreAPI_PetTest">
        <test-method is-config="true" signature="setUp()[pri:0, instance:testcases.PetStoreAPI_PetTest@7bab3f1a]" started-at="2022-08-02T03:16:14 AST" name="setUp" finished-at="2022-08-02T03:16:14 AST" duration-ms="0" status="PASS">
          <reporter-output>
          </reporter-output>
        </test-method> <!-- setUp -->
        <test-method signature="addNewPetToStore()[pri:0, instance:testcases.PetStoreAPI_PetTest@7bab3f1a]" started-at="2022-08-02T03:16:14 AST" name="addNewPetToStore" finished-at="2022-08-02T03:16:14 AST" duration-ms="28" status="PASS">
          <reporter-output>
          </reporter-output>
        </test-method> <!-- addNewPetToStore -->
      </class> <!-- testcases.PetStoreAPI_PetTest -->
    </test> <!-- TC003 - Add new pet to the store -->
    <test started-at="2022-08-02T03:16:14 AST" name="TC004 - Delete pet from store using pet id" finished-at="2022-08-02T03:16:14 AST" duration-ms="19">
      <class name="testcases.PetStoreAPI_PetTest">
        <test-method is-config="true" signature="setUp()[pri:0, instance:testcases.PetStoreAPI_PetTest@12aba8be]" started-at="2022-08-02T03:16:14 AST" name="setUp" finished-at="2022-08-02T03:16:14 AST" duration-ms="1" status="PASS">
          <reporter-output>
          </reporter-output>
        </test-method> <!-- setUp -->
        <test-method signature="deletePetFromStore(java.lang.String)[pri:0, instance:testcases.PetStoreAPI_PetTest@12aba8be]" started-at="2022-08-02T03:16:14 AST" name="deletePetFromStore" finished-at="2022-08-02T03:16:14 AST" duration-ms="18" status="PASS">
          <params>
            <param index="0">
              <value>
                <![CDATA[11]]>
              </value>
            </param>
          </params>
          <reporter-output>
          </reporter-output>
        </test-method> <!-- deletePetFromStore -->
      </class> <!-- testcases.PetStoreAPI_PetTest -->
    </test> <!-- TC004 - Delete pet from store using pet id -->
  </suite> <!-- PetStore API Test Suite -->
</testng-results>
