<?xml version="1.0" encoding="UTF-8"?>
<!-- Generated by org.testng.reporters.JUnitXMLReporter -->
<testsuite ignored="3" hostname="LAPTOP-09JIFLKR" failures="0" tests="1" name="TC003 - Add new pet to the store" time="0.031" errors="0" timestamp="2022-08-02T03:16:14 AST">
  <testcase classname="testcases.PetStoreAPI_PetTest" name="addNewPetToStore" time="0.028"/>
  <testcase classname="testcases.PetStoreAPI_PetTest" name="findPetsByAnyStatus" time="0.0">
    <ignored/>
  </testcase> <!-- findPetsByAnyStatus -->
  <testcase classname="testcases.PetStoreAPI_PetTest" name="deletePetFromStore" time="0.0">
    <ignored/>
  </testcase> <!-- deletePetFromStore -->
  <testcase classname="testcases.PetStoreAPI_PetTest" name="tryToSearchPetByInvalidStatus" time="0.0">
    <ignored/>
  </testcase> <!-- tryToSearchPetByInvalidStatus -->
</testsuite> <!-- TC003 - Add new pet to the store -->
