<?xml version="1.0" encoding="UTF-8"?>
<!-- Generated by org.testng.reporters.JUnitXMLReporter -->
<testsuite ignored="3" hostname="LAPTOP-09JIFLKR" failures="0" tests="3" name="TC001 - Find pets using any valid status (pending, available and sold)" time="0.919" errors="0" timestamp="2022-08-02T03:16:14 AST">
  <testcase classname="testcases.PetStoreAPI_PetTest" name="findPetsByAnyStatus" time="0.528"/>
  <testcase classname="testcases.PetStoreAPI_PetTest" name="findPetsByAnyStatus" time="0.015"/>
  <testcase classname="testcases.PetStoreAPI_PetTest" name="findPetsByAnyStatus" time="0.012"/>
  <testcase classname="testcases.PetStoreAPI_PetTest" name="addNewPetToStore" time="0.0">
    <ignored/>
  </testcase> <!-- addNewPetToStore -->
  <testcase classname="testcases.PetStoreAPI_PetTest" name="deletePetFromStore" time="0.0">
    <ignored/>
  </testcase> <!-- deletePetFromStore -->
  <testcase classname="testcases.PetStoreAPI_PetTest" name="tryToSearchPetByInvalidStatus" time="0.0">
    <ignored/>
  </testcase> <!-- tryToSearchPetByInvalidStatus -->
</testsuite> <!-- TC001 - Find pets using any valid status (pending, available and sold) -->
